================================================================================
‚ö° GPU-Parallel LOCAL SPARC
================================================================================
Parallel agents: 4 (using Mac GPU)
Models: sparc-qwen, qwen2.5-coder
Cost: $0, Speed: BLAZING FAST
================================================================================

üöÄ Starting GPU-Parallel SPARC...

üìã Phase 1: Parallel Research (4 GPU agents)
--------------------------------------------------------------------------------
  üöÄ Spawning 4 parallel agents on GPU...
  ‚ö° All 4 agents complete in 84336ms!
     Average: 21084ms per agent
     vs Sequential: 223062ms
     Speedup: 2.6x

  üß† Synthesizing specification...
    ‚úÖ 2554 chars in 27245ms

üßÆ Phase 2: Pseudocode
--------------------------------------------------------------------------------
  ‚úÖ 1475 chars in 24612ms

üèóÔ∏è  Phase 3: Architecture
--------------------------------------------------------------------------------
  ‚úÖ 3191 chars in 36753ms

üíª Phase 4: Parallel Implementation (4 GPU agents)
--------------------------------------------------------------------------------
  üöÄ Spawning 4 parallel agents on GPU...
Traceback (most recent call last):
  File "/opt/homebrew/lib/python3.14/site-packages/urllib3/connectionpool.py", line 534, in _make_request
    response = conn.getresponse()
  File "/opt/homebrew/lib/python3.14/site-packages/urllib3/connection.py", line 571, in getresponse
    httplib_response = super().getresponse()
  File "/opt/homebrew/Cellar/python@3.14/3.14.2/Frameworks/Python.framework/Versions/3.14/lib/python3.14/http/client.py", line 1450, in getresponse
    response.begin()
    ~~~~~~~~~~~~~~^^
  File "/opt/homebrew/Cellar/python@3.14/3.14.2/Frameworks/Python.framework/Versions/3.14/lib/python3.14/http/client.py", line 336, in begin
    version, status, reason = self._read_status()
                              ~~~~~~~~~~~~~~~~~^^
  File "/opt/homebrew/Cellar/python@3.14/3.14.2/Frameworks/Python.framework/Versions/3.14/lib/python3.14/http/client.py", line 297, in _read_status
    line = str(self.fp.readline(_MAXLINE + 1), "iso-8859-1")
               ~~~~~~~~~~~~~~~~^^^^^^^^^^^^^^
  File "/opt/homebrew/Cellar/python@3.14/3.14.2/Frameworks/Python.framework/Versions/3.14/lib/python3.14/socket.py", line 725, in readinto
    return self._sock.recv_into(b)
           ~~~~~~~~~~~~~~~~~~~~^^^
TimeoutError: timed out

The above exception was the direct cause of the following exception:

Traceback (most recent call last):
  File "/opt/homebrew/lib/python3.14/site-packages/requests/adapters.py", line 644, in send
    resp = conn.urlopen(
        method=request.method,
    ...<9 lines>...
        chunked=chunked,
    )
  File "/opt/homebrew/lib/python3.14/site-packages/urllib3/connectionpool.py", line 841, in urlopen
    retries = retries.increment(
        method, url, error=new_e, _pool=self, _stacktrace=sys.exc_info()[2]
    )
  File "/opt/homebrew/lib/python3.14/site-packages/urllib3/util/retry.py", line 474, in increment
    raise reraise(type(error), error, _stacktrace)
          ~~~~~~~^^^^^^^^^^^^^^^^^^^^^^^^^^^^^^^^^
  File "/opt/homebrew/lib/python3.14/site-packages/urllib3/util/util.py", line 39, in reraise
    raise value
  File "/opt/homebrew/lib/python3.14/site-packages/urllib3/connectionpool.py", line 787, in urlopen
    response = self._make_request(
        conn,
    ...<10 lines>...
        **response_kw,
    )
  File "/opt/homebrew/lib/python3.14/site-packages/urllib3/connectionpool.py", line 536, in _make_request
    self._raise_timeout(err=e, url=url, timeout_value=read_timeout)
    ~~~~~~~~~~~~~~~~~~~^^^^^^^^^^^^^^^^^^^^^^^^^^^^^^^^^^^^^^^^^^^^
  File "/opt/homebrew/lib/python3.14/site-packages/urllib3/connectionpool.py", line 367, in _raise_timeout
    raise ReadTimeoutError(
        self, url, f"Read timed out. (read timeout={timeout_value})"
    ) from err
urllib3.exceptions.ReadTimeoutError: HTTPConnectionPool(host='localhost', port=11434): Read timed out. (read timeout=120)

During handling of the above exception, another exception occurred:

Traceback (most recent call last):
  File "/Users/alexandercpaul/Library/Mobile Documents/com~apple~CloudDocs/Developer/SPARC_Complete_System/sparc_parallel_local.py", line 259, in <module>
    result = sparc.run_parallel_sparc(
        "Create a REST API for a todo list with SQLite database and user authentication"
    )
  File "/Users/alexandercpaul/Library/Mobile Documents/com~apple~CloudDocs/Developer/SPARC_Complete_System/sparc_parallel_local.py", line 217, in run_parallel_sparc
    code = self.phase4_parallel_implementation(architecture, pseudocode)
  File "/Users/alexandercpaul/Library/Mobile Documents/com~apple~CloudDocs/Developer/SPARC_Complete_System/sparc_parallel_local.py", line 149, in phase4_parallel_implementation
    code_results = self.parallel_ollama_calls(component_prompts, model="qwen2.5-coder:7b")
  File "/Users/alexandercpaul/Library/Mobile Documents/com~apple~CloudDocs/Developer/SPARC_Complete_System/sparc_parallel_local.py", line 48, in parallel_ollama_calls
    results = [future.result() for future in futures]
               ~~~~~~~~~~~~~^^
  File "/opt/homebrew/Cellar/python@3.14/3.14.2/Frameworks/Python.framework/Versions/3.14/lib/python3.14/concurrent/futures/_base.py", line 450, in result
    return self.__get_result()
           ~~~~~~~~~~~~~~~~~^^
  File "/opt/homebrew/Cellar/python@3.14/3.14.2/Frameworks/Python.framework/Versions/3.14/lib/python3.14/concurrent/futures/_base.py", line 395, in __get_result
    raise self._exception
  File "/opt/homebrew/Cellar/python@3.14/3.14.2/Frameworks/Python.framework/Versions/3.14/lib/python3.14/concurrent/futures/thread.py", line 86, in run
    result = ctx.run(self.task)
  File "/opt/homebrew/Cellar/python@3.14/3.14.2/Frameworks/Python.framework/Versions/3.14/lib/python3.14/concurrent/futures/thread.py", line 73, in run
    return fn(*args, **kwargs)
  File "/Users/alexandercpaul/Library/Mobile Documents/com~apple~CloudDocs/Developer/SPARC_Complete_System/sparc_parallel_local.py", line 25, in ollama_call
    response = requests.post(
        self.ollama_url,
        json={"model": model, "prompt": prompt, "stream": False},
        timeout=120
    )
  File "/opt/homebrew/lib/python3.14/site-packages/requests/api.py", line 115, in post
    return request("post", url, data=data, json=json, **kwargs)
  File "/opt/homebrew/lib/python3.14/site-packages/requests/api.py", line 59, in request
    return session.request(method=method, url=url, **kwargs)
           ~~~~~~~~~~~~~~~^^^^^^^^^^^^^^^^^^^^^^^^^^^^^^^^^^
  File "/opt/homebrew/lib/python3.14/site-packages/requests/sessions.py", line 589, in request
    resp = self.send(prep, **send_kwargs)
  File "/opt/homebrew/lib/python3.14/site-packages/requests/sessions.py", line 703, in send
    r = adapter.send(request, **kwargs)
  File "/opt/homebrew/lib/python3.14/site-packages/requests/adapters.py", line 690, in send
    raise ReadTimeout(e, request=request)
requests.exceptions.ReadTimeout: HTTPConnectionPool(host='localhost', port=11434): Read timed out. (read timeout=120)
